<?xml version="1.0" encoding="UTF-8"?>
<robot generator="Robot 7.2 (Python 3.9.6 on win32)" generated="2025-05-11T12:04:10.727006" rpa="false" schemaversion="5">
<suite id="s1" name="GeolocationTC" source="F:\Anandhi\workspace\robotframework\FirstSampleProjBrowserLib\testScripts\GeolocationTC.robot">
<test id="s1-t1" name="Geolocation Test" line="7">
<kw name="New Browser" owner="Browser">
<msg time="2025-05-11T12:04:11.044592" level="INFO">{"browser": "chromium", "headless": false, "chromiumSandbox": false, "devtools": false, "handleSIGHUP": true, "handleSIGINT": true, "handleSIGTERM": true, "slowMo": 0.0, "timeout": 30000.0, "tracesDir": "F:\\Anandhi\\workspace\\robotframework\\FirstSampleProjBrowserLib\\testScripts\\browser\\traces\\temp\\abd5c82f-5335-491e-bb89-ef6e9215f866"}</msg>
<msg time="2025-05-11T12:04:11.083835" level="INFO">Starting Browser process C:\Users\DELL\AppData\Local\Programs\Python\Python39\lib\site-packages\Browser\wrapper\index.js using port 62158</msg>
<msg time="2025-05-11T12:04:11.083835" level="INFO">Node startup parameters: ['node', 'C:\\Users\\DELL\\AppData\\Local\\Programs\\Python\\Python39\\lib\\site-packages\\Browser\\wrapper\\index.js', '62158']</msg>
<msg time="2025-05-11T12:04:12.501574" level="INFO">Successfully created browser with options: {"browser":"chromium","headless":false,"chromiumSandbox":false,"devtools":false,"handleSIGHUP":true,"handleSIGINT":true,"handleSIGTERM":true,"slowMo":0,"timeout":30000,"tracesDir":"F:\\Anandhi\\workspace\\robotframework\\FirstSampleProjBrowserLib\\testScripts\\browser\\traces\\temp\\abd5c82f-5335-491e-bb89-ef6e9215f866"}</msg>
<arg>chromium</arg>
<arg>headless=false</arg>
<tag>BrowserControl</tag>
<tag>Setter</tag>
<doc>Create a new playwright Browser with specified options.</doc>
<status status="PASS" start="2025-05-11T12:04:11.042595" elapsed="1.458979"/>
</kw>
<kw name="Create List" owner="BuiltIn">
<msg time="2025-05-11T12:04:12.504077" level="INFO">${permissions} = ['geolocation']</msg>
<var>${permissions}</var>
<arg>geolocation</arg>
<doc>Returns a list containing given items.</doc>
<status status="PASS" start="2025-05-11T12:04:12.503076" elapsed="0.001001"/>
</kw>
<kw name="New Context" owner="Browser">
<msg time="2025-05-11T12:04:12.508066" level="INFO">{
  "acceptDownloads": true,
  "bypassCSP": false,
  "forcedColors": "none",
  "ignoreHTTPSErrors": false,
  "javaScriptEnabled": true,
  "offline": false,
  "permissions": [
    "geolocation"
  ],
  "reducedMotion": "no-preference",
  "serviceWorkers": "allow",
  "viewport": {
    "width": 1280,
    "height": 720
  }
}</msg>
<msg time="2025-05-11T12:04:12.542902" level="INFO">Successfully created context. </msg>
<msg time="2025-05-11T12:04:12.542902" level="INFO">{'acceptDownloads': True, 'bypassCSP': False, 'forcedColors': 'none', 'ignoreHTTPSErrors': False, 'javaScriptEnabled': True, 'offline': False, 'permissions': ['geolocation'], 'reducedMotion': 'no-preference', 'serviceWorkers': 'allow', 'viewport': {'width': 1280, 'height': 720}}</msg>
<arg>permissions=${permissions}</arg>
<tag>BrowserControl</tag>
<tag>Setter</tag>
<doc>Create a new BrowserContext with specified options.</doc>
<status status="PASS" start="2025-05-11T12:04:12.505075" elapsed="0.037827"/>
</kw>
<kw name="Set Geolocation" owner="Browser">
<msg time="2025-05-11T12:04:12.547472" level="INFO">{"latitude": 33.748997, "longitude": -84.387985, "accuracy": 100.0}</msg>
<msg time="2025-05-11T12:04:12.555902" level="INFO">Geolocation set to: {"latitude":33.748997,"longitude":-84.387985,"accuracy":100}</msg>
<arg>33.748997</arg>
<arg>-84.387985</arg>
<arg>100</arg>
<tag>BrowserControl</tag>
<tag>Setter</tag>
<doc>Updated the correct Context's geolocation.</doc>
<status status="PASS" start="2025-05-11T12:04:12.546373" elapsed="0.009529"/>
</kw>
<kw name="New Page" owner="Browser">
<msg time="2025-05-11T12:04:17.620916" level="INFO">Successfully initialized new page object and opened url: https://oldnavy.gap.com/stores</msg>
<arg>https://oldnavy.gap.com/stores</arg>
<tag>BrowserControl</tag>
<tag>Setter</tag>
<doc>Open a new Page.</doc>
<status status="PASS" start="2025-05-11T12:04:12.558385" elapsed="5.063483"/>
</kw>
<kw name="Sleep" owner="BuiltIn">
<msg time="2025-05-11T12:04:27.636736" level="INFO">Slept 10 seconds.</msg>
<arg>10s</arg>
<doc>Pauses the test executed for the given time.</doc>
<status status="PASS" start="2025-05-11T12:04:17.623862" elapsed="10.012874"/>
</kw>
<kw name="Get Elements" owner="Browser">
<msg time="2025-05-11T12:04:27.849703" level="INFO">Found locator('//div[contains(text(), \'Atlanta\')]').first(),locator('//div[contains(text(), \'Atlanta\')]').nth(1),locator('//div[contains(text(), \'Atlanta\')]').nth(2),locator('//div[contains(text(), \'Atlanta\')]').nth(3) Locators successfully.</msg>
<msg time="2025-05-11T12:04:27.850700" level="INFO">${storeList} = ["//div[contains(text(), 'Atlanta')] &gt;&gt; nth=0", "//div[contains(text(), 'Atlanta')] &gt;&gt; nth=1", "//div[contains(text(), 'Atlanta')] &gt;&gt; nth=2", "//div[contains(text(), 'Atlanta')] &gt;&gt; nth=3"]</msg>
<var>${storeList}</var>
<arg>//div[contains(text(), 'Atlanta')]</arg>
<tag>Getter</tag>
<tag>PageContent</tag>
<doc>Returns a reference to Playwright [https://playwright.dev/docs/api/class-locator|Locator]
for all matched elements by ``selector``.</doc>
<status status="PASS" start="2025-05-11T12:04:27.638676" elapsed="0.213020"/>
</kw>
<kw name="Log" owner="BuiltIn">
<msg time="2025-05-11T12:04:27.856144" level="INFO">["//div[contains(text(), 'Atlanta')] &gt;&gt; nth=0", "//div[contains(text(), 'Atlanta')] &gt;&gt; nth=1", "//div[contains(text(), 'Atlanta')] &gt;&gt; nth=2", "//div[contains(text(), 'Atlanta')] &gt;&gt; nth=3"]</msg>
<arg>${storeList}</arg>
<doc>Logs the given message with the given level.</doc>
<status status="PASS" start="2025-05-11T12:04:27.854103" elapsed="0.002989"/>
</kw>
<kw name="Get Length" owner="BuiltIn">
<msg time="2025-05-11T12:04:27.861077" level="INFO">Length is 4.</msg>
<msg time="2025-05-11T12:04:27.862091" level="INFO">${storeCount} = 4</msg>
<var>${storeCount}</var>
<arg>${storeList}</arg>
<doc>Returns and logs the length of the given item as an integer.</doc>
<status status="PASS" start="2025-05-11T12:04:27.858549" elapsed="0.004611"/>
</kw>
<kw name="Log" owner="BuiltIn">
<msg time="2025-05-11T12:04:27.868160" level="INFO">4</msg>
<arg>${storeCount}</arg>
<doc>Logs the given message with the given level.</doc>
<status status="PASS" start="2025-05-11T12:04:27.866168" elapsed="0.001992"/>
</kw>
<kw name="Should Be True" owner="BuiltIn">
<arg>${storeCount} &gt; 0</arg>
<doc>Fails if the given condition is not true.</doc>
<status status="PASS" start="2025-05-11T12:04:27.869160" elapsed="0.003011"/>
</kw>
<kw name="Sleep" owner="BuiltIn">
<msg time="2025-05-11T12:04:32.884285" level="INFO">Slept 5 seconds.</msg>
<arg>5s</arg>
<doc>Pauses the test executed for the given time.</doc>
<status status="PASS" start="2025-05-11T12:04:27.873191" elapsed="5.012092"/>
</kw>
<msg time="2025-05-11T12:04:32.906468" level="INFO">Set timeout to: 10000</msg>
<msg time="2025-05-11T12:04:33.012811" level="INFO">Switching context to context=c27c77d7-142f-43cc-8e9d-47f1ac29c1c8 in CURRENT</msg>
<msg time="2025-05-11T12:04:33.071164" level="INFO">Successfully changed active context: context=c27c77d7-142f-43cc-8e9d-47f1ac29c1c8</msg>
<msg time="2025-05-11T12:04:33.215859" level="INFO">Successfully closed Context</msg>
<status status="PASS" start="2025-05-11T12:04:11.040810" elapsed="21.846687"/>
</test>
<status status="PASS" start="2025-05-11T12:04:10.730996" elapsed="22.488054"/>
</suite>
<statistics>
<total>
<stat pass="1" fail="0" skip="0">All Tests</stat>
</total>
<tag>
</tag>
<suite>
<stat name="GeolocationTC" id="s1" pass="1" fail="0" skip="0">GeolocationTC</stat>
</suite>
</statistics>
<errors>
</errors>
</robot>
