<?xml version="1.0" encoding="UTF-8"?>
<robot generator="Robot 3.2.2 (Python 3.9.1 on win32)" generated="20210614 21:19:56.572" rpa="false">
<suite id="s1" name="VariableSample" source="F:\Anandhi\workspace\robotframework\FirstSampleProj\testScripts\VariableSample.robot">
<test id="s1-t1" name="Print Scalar Variable Values">
<kw name="Log" library="BuiltIn">
<doc>Logs the given message with the given level.</doc>
<arguments>
<arg>${BROWSER}</arg>
</arguments>
<msg timestamp="20210614 21:19:56.873" level="INFO">chrome</msg>
<status status="PASS" starttime="20210614 21:19:56.873" endtime="20210614 21:19:56.873"></status>
</kw>
<kw name="Log" library="BuiltIn">
<doc>Logs the given message with the given level.</doc>
<arguments>
<arg>This ${BROWSER} session has delay time of ${DELAY} Seconds</arg>
</arguments>
<msg timestamp="20210614 21:19:56.875" level="INFO">This chrome session has delay time of 5 Seconds</msg>
<status status="PASS" starttime="20210614 21:19:56.874" endtime="20210614 21:19:56.875"></status>
</kw>
<status status="PASS" starttime="20210614 21:19:56.871" endtime="20210614 21:19:56.876" critical="yes"></status>
</test>
<test id="s1-t2" name="Using List">
<kw name="Create List" library="BuiltIn">
<doc>Returns a list containing given items.</doc>
<arguments>
<arg>John</arg>
<arg>Peter</arg>
<arg>aaa@gmail.com</arg>
<arg>9778655</arg>
</arguments>
<assign>
<var>@{userDetail}</var>
</assign>
<msg timestamp="20210614 21:19:56.880" level="INFO">@{userDetail} = [ John | Peter | aaa@gmail.com | 9778655 ]</msg>
<status status="PASS" starttime="20210614 21:19:56.880" endtime="20210614 21:19:56.880"></status>
</kw>
<kw name="Log Many" library="BuiltIn">
<doc>Logs the given messages as separate entries using the INFO level.</doc>
<arguments>
<arg>@{userDetail}</arg>
</arguments>
<msg timestamp="20210614 21:19:56.882" level="INFO">John</msg>
<msg timestamp="20210614 21:19:56.882" level="INFO">Peter</msg>
<msg timestamp="20210614 21:19:56.882" level="INFO">aaa@gmail.com</msg>
<msg timestamp="20210614 21:19:56.882" level="INFO">9778655</msg>
<status status="PASS" starttime="20210614 21:19:56.881" endtime="20210614 21:19:56.882"></status>
</kw>
<kw name="Log" library="BuiltIn">
<doc>Logs the given message with the given level.</doc>
<arguments>
<arg>"First Name : ",${userDetail}[1]</arg>
</arguments>
<msg timestamp="20210614 21:19:56.883" level="INFO">"First Name : ",Peter</msg>
<status status="PASS" starttime="20210614 21:19:56.883" endtime="20210614 21:19:56.883"></status>
</kw>
<kw name="Open Browser" library="SeleniumLibrary">
<doc>Opens a new browser instance to the optional ``url``.</doc>
<arguments>
<arg>https://www.demoblaze.com/#</arg>
<arg>chrome</arg>
</arguments>
<msg timestamp="20210614 21:19:56.895" level="INFO">Opening browser 'chrome' to base url 'https://www.demoblaze.com/#'.</msg>
<status status="PASS" starttime="20210614 21:19:56.895" endtime="20210614 21:19:59.658"></status>
</kw>
<kw name="Sleep" library="BuiltIn">
<doc>Pauses the test executed for the given time.</doc>
<arguments>
<arg>5s</arg>
</arguments>
<msg timestamp="20210614 21:20:04.666" level="INFO">Slept 5 seconds</msg>
<status status="PASS" starttime="20210614 21:19:59.658" endtime="20210614 21:20:04.666"></status>
</kw>
<kw name="Get WebElements" library="SeleniumLibrary">
<doc>Returns a list of WebElement objects matching the ``locator``.</doc>
<arguments>
<arg>xpath=//h4[@class='card-title']/a</arg>
</arguments>
<assign>
<var>@{elements_list}</var>
</assign>
<msg timestamp="20210614 21:20:04.703" level="INFO">@{elements_list} = [ &lt;selenium.webdriver.remote.webelement.WebElement (session="260cce41c4c3fc3b03c5b512918a58ac", element="d05c9840-7ee6-48ce-ba2b-5a9b668ac6b9")&gt; | &lt;selenium.webdriver.remote.webelement.WebElement (ses...</msg>
<status status="PASS" starttime="20210614 21:20:04.667" endtime="20210614 21:20:04.703"></status>
</kw>
<kw name="Log Many" library="BuiltIn">
<doc>Logs the given messages as separate entries using the INFO level.</doc>
<arguments>
<arg>@{elements_list}</arg>
</arguments>
<msg timestamp="20210614 21:20:04.705" level="INFO">&lt;selenium.webdriver.remote.webelement.WebElement (session="260cce41c4c3fc3b03c5b512918a58ac", element="d05c9840-7ee6-48ce-ba2b-5a9b668ac6b9")&gt;</msg>
<msg timestamp="20210614 21:20:04.706" level="INFO">&lt;selenium.webdriver.remote.webelement.WebElement (session="260cce41c4c3fc3b03c5b512918a58ac", element="d665b804-22e6-4806-a806-47436f4f4fa1")&gt;</msg>
<msg timestamp="20210614 21:20:04.706" level="INFO">&lt;selenium.webdriver.remote.webelement.WebElement (session="260cce41c4c3fc3b03c5b512918a58ac", element="94911bfd-191f-471d-b036-c755fdbbe969")&gt;</msg>
<msg timestamp="20210614 21:20:04.706" level="INFO">&lt;selenium.webdriver.remote.webelement.WebElement (session="260cce41c4c3fc3b03c5b512918a58ac", element="16e4de63-6c30-4fe0-a14b-85c098d15022")&gt;</msg>
<msg timestamp="20210614 21:20:04.706" level="INFO">&lt;selenium.webdriver.remote.webelement.WebElement (session="260cce41c4c3fc3b03c5b512918a58ac", element="f87c2a22-e1b6-4afc-838a-5dcefa5a418b")&gt;</msg>
<msg timestamp="20210614 21:20:04.707" level="INFO">&lt;selenium.webdriver.remote.webelement.WebElement (session="260cce41c4c3fc3b03c5b512918a58ac", element="3aeda9b0-7925-4410-b40f-83c9531f8dd6")&gt;</msg>
<msg timestamp="20210614 21:20:04.707" level="INFO">&lt;selenium.webdriver.remote.webelement.WebElement (session="260cce41c4c3fc3b03c5b512918a58ac", element="f904f0f3-8405-4b7a-b0da-3a0da48e6214")&gt;</msg>
<msg timestamp="20210614 21:20:04.707" level="INFO">&lt;selenium.webdriver.remote.webelement.WebElement (session="260cce41c4c3fc3b03c5b512918a58ac", element="2bf647a6-040f-4ff8-9234-0e9a3103304f")&gt;</msg>
<msg timestamp="20210614 21:20:04.707" level="INFO">&lt;selenium.webdriver.remote.webelement.WebElement (session="260cce41c4c3fc3b03c5b512918a58ac", element="b17a7b8c-0b88-48a5-9e1d-e0a30ac76549")&gt;</msg>
<status status="PASS" starttime="20210614 21:20:04.705" endtime="20210614 21:20:04.707"></status>
</kw>
<kw name="Close Browser" library="SeleniumLibrary">
<doc>Closes the current browser.</doc>
<status status="PASS" starttime="20210614 21:20:04.707" endtime="20210614 21:20:06.985"></status>
</kw>
<status status="PASS" starttime="20210614 21:19:56.878" endtime="20210614 21:20:06.987" critical="yes"></status>
</test>
<test id="s1-t3" name="Using Dictionary">
<kw name="Create Dictionary" library="BuiltIn">
<doc>Creates and returns a dictionary based on the given ``items``.</doc>
<arguments>
<arg>a=10</arg>
<arg>b=20</arg>
<arg>c={30,40,50}</arg>
</arguments>
<assign>
<var>&amp;{dictItems}</var>
</assign>
<msg timestamp="20210614 21:20:06.996" level="INFO">&amp;{dictItems} = { a=10 | b=20 | c={30,40,50} }</msg>
<status status="PASS" starttime="20210614 21:20:06.994" endtime="20210614 21:20:06.996"></status>
</kw>
<kw name="Log" library="BuiltIn">
<doc>Logs the given message with the given level.</doc>
<arguments>
<arg>"Value of a",${dictItems.a}</arg>
</arguments>
<msg timestamp="20210614 21:20:06.998" level="INFO">"Value of a",10</msg>
<status status="PASS" starttime="20210614 21:20:06.997" endtime="20210614 21:20:06.998"></status>
</kw>
<kw name="Log To Console" library="BuiltIn">
<doc>Logs the given message to the console.</doc>
<arguments>
<arg>"Value of b",${dictItems}[b]</arg>
</arguments>
<status status="PASS" starttime="20210614 21:20:07.007" endtime="20210614 21:20:07.009"></status>
</kw>
<kw name="Log Many" library="BuiltIn">
<doc>Logs the given messages as separate entries using the INFO level.</doc>
<arguments>
<arg>"Items in Dictionary",&amp;{dictItems}</arg>
</arguments>
<msg timestamp="20210614 21:20:07.012" level="INFO">"Items in Dictionary",{'a': '10', 'b': '20', 'c': '{30,40,50}'}</msg>
<status status="PASS" starttime="20210614 21:20:07.011" endtime="20210614 21:20:07.013"></status>
</kw>
<kw name="Log Many" library="BuiltIn">
<doc>Logs the given messages as separate entries using the INFO level.</doc>
<arguments>
<arg>"Value of c",${dictItems}[c]</arg>
</arguments>
<msg timestamp="20210614 21:20:07.016" level="INFO">"Value of c",{30,40,50}</msg>
<status status="PASS" starttime="20210614 21:20:07.014" endtime="20210614 21:20:07.016"></status>
</kw>
<kw name="Log" library="BuiltIn">
<doc>Logs the given message with the given level.</doc>
<arguments>
<arg>"Item in c",${dictItems}[c][2]</arg>
</arguments>
<msg timestamp="20210614 21:20:07.023" level="INFO">"Item in c",0</msg>
<status status="PASS" starttime="20210614 21:20:07.022" endtime="20210614 21:20:07.024"></status>
</kw>
<kw name="Create Dictionary" library="BuiltIn">
<doc>Creates and returns a dictionary based on the given ``items``.</doc>
<arguments>
<arg>name=John</arg>
<arg>password=welcome123</arg>
</arguments>
<assign>
<var>&amp;{user}</var>
</assign>
<msg timestamp="20210614 21:20:07.027" level="INFO">&amp;{user} = { name=John | password=welcome123 }</msg>
<status status="PASS" starttime="20210614 21:20:07.025" endtime="20210614 21:20:07.027"></status>
</kw>
<kw name="Log" library="BuiltIn">
<doc>Logs the given message with the given level.</doc>
<arguments>
<arg>"UserName is :",${user}[name], "Password is :",${user.password}</arg>
</arguments>
<msg timestamp="20210614 21:20:07.030" level="INFO">"UserName is :",John, "Password is :",welcome123</msg>
<status status="PASS" starttime="20210614 21:20:07.028" endtime="20210614 21:20:07.030"></status>
</kw>
<kw name="Should Be Equal" library="BuiltIn">
<doc>Fails if the given objects are unequal.</doc>
<arguments>
<arg>${user}[name]</arg>
<arg>John</arg>
</arguments>
<status status="PASS" starttime="20210614 21:20:07.032" endtime="20210614 21:20:07.033"></status>
</kw>
<kw name="Create Dictionary" library="BuiltIn">
<doc>Creates and returns a dictionary based on the given ``items``.</doc>
<arguments>
<arg>book1={id=1, name=Robot}</arg>
<arg>book2={id=2, name=Python}</arg>
</arguments>
<assign>
<var>&amp;{books}</var>
</assign>
<msg timestamp="20210614 21:20:07.036" level="INFO">&amp;{books} = { book1={id=1, name=Robot} | book2={id=2, name=Python} }</msg>
<status status="PASS" starttime="20210614 21:20:07.035" endtime="20210614 21:20:07.036"></status>
</kw>
<kw name="Log" library="BuiltIn">
<doc>Logs the given message with the given level.</doc>
<arguments>
<arg>"List of books : ",${books}[book1]</arg>
</arguments>
<msg timestamp="20210614 21:20:07.039" level="INFO">"List of books : ",{id=1, name=Robot}</msg>
<status status="PASS" starttime="20210614 21:20:07.038" endtime="20210614 21:20:07.039"></status>
</kw>
<status status="PASS" starttime="20210614 21:20:06.992" endtime="20210614 21:20:07.041" critical="yes"></status>
</test>
<test id="s1-t4" name="Using Environment Variable">
<kw name="Log To Console" library="BuiltIn">
<doc>Logs the given message to the console.</doc>
<arguments>
<arg>${url.dev}</arg>
</arguments>
<status status="PASS" starttime="20210614 21:20:07.056" endtime="20210614 21:20:07.058"></status>
</kw>
<kw name="Log To Console" library="BuiltIn">
<doc>Logs the given message to the console.</doc>
<arguments>
<arg>${url.${env}}</arg>
</arguments>
<status status="PASS" starttime="20210614 21:20:07.060" endtime="20210614 21:20:07.062"></status>
</kw>
<status status="PASS" starttime="20210614 21:20:07.046" endtime="20210614 21:20:07.065" critical="yes"></status>
</test>
<test id="s1-t5" name="Environment variables">
<kw name="Log" library="BuiltIn">
<doc>Logs the given message with the given level.</doc>
<arguments>
<arg>Current user: %{USERNAME}</arg>
</arguments>
<msg timestamp="20210614 21:20:07.073" level="INFO">Current user: Anandhi</msg>
<status status="PASS" starttime="20210614 21:20:07.072" endtime="20210614 21:20:07.073"></status>
</kw>
<kw name="Run" library="OperatingSystem">
<doc>Runs the given command in the system and returns the output.</doc>
<arguments>
<arg>%{JAVA_HOME}${/}javac</arg>
</arguments>
<msg timestamp="20210614 21:20:07.083" level="INFO">Running command 'C:\Program Files\Java\jdk1.8.0_202\javac 2&gt;&amp;1'.</msg>
<status status="PASS" starttime="20210614 21:20:07.074" endtime="20210614 21:20:07.112"></status>
</kw>
<status status="PASS" starttime="20210614 21:20:07.069" endtime="20210614 21:20:07.114" critical="yes"></status>
</test>
<status status="PASS" starttime="20210614 21:19:56.574" endtime="20210614 21:20:07.120"></status>
</suite>
<statistics>
<total>
<stat pass="5" fail="0">Critical Tests</stat>
<stat pass="5" fail="0">All Tests</stat>
</total>
<tag>
</tag>
<suite>
<stat pass="5" fail="0" id="s1" name="VariableSample">VariableSample</stat>
</suite>
</statistics>
<errors>
</errors>
</robot>
