<?xml version="1.0" encoding="UTF-8"?>
<robot generator="Robot 7.2 (Python 3.9.6 on win32)" generated="2025-05-21T12:40:01.929432" rpa="false" schemaversion="5">
<suite id="s1" name="parallelTests" source="F:\Anandhi\workspace\robotframework\FirstSampleProjBrowserLib\parallelTests">
<suite id="s1-s1" name="gherkn loginTC" source="F:\Anandhi\workspace\robotframework\FirstSampleProjBrowserLib\parallelTests\gherkn_loginTC.robot">
<test id="s1-s1-t1" name="Valid Login" line="8">
<kw name="Given browser is opened to login page">
<kw name="Open Browser" owner="Browser">
<msg time="2025-05-21T12:40:02.150673" level="WARN">Open Browser is for quick experimentation and debugging only. Use New Page for production.</msg>
<msg time="2025-05-21T12:40:02.152235" level="INFO">{"browser": "chromium", "headless": false, "chromiumSandbox": false, "devtools": false, "handleSIGHUP": true, "handleSIGINT": true, "handleSIGTERM": true, "slowMo": 0.0, "timeout": 30000.0, "tracesDir": "F:\\Anandhi\\workspace\\robotframework\\FirstSampleProjBrowserLib\\pabot_results\\1\\browser\\traces\\temp\\f4eeb181-ecc1-46e9-8405-f596f81ba647"}</msg>
<msg time="2025-05-21T12:40:02.182477" level="INFO">Starting Browser process C:\Users\DELL\AppData\Local\Programs\Python\Python39\lib\site-packages\Browser\wrapper\index.js using port 60317</msg>
<msg time="2025-05-21T12:40:02.183601" level="INFO">Node startup parameters: ['node', 'C:\\Users\\DELL\\AppData\\Local\\Programs\\Python\\Python39\\lib\\site-packages\\Browser\\wrapper\\index.js', '60317']</msg>
<msg time="2025-05-21T12:40:03.633406" level="INFO">Successfully created browser with options: {"browser":"chromium","headless":false,"chromiumSandbox":false,"devtools":false,"handleSIGHUP":true,"handleSIGINT":true,"handleSIGTERM":true,"slowMo":0,"timeout":30000,"tracesDir":"F:\\Anandhi\\workspace\\robotframework\\FirstSampleProjBrowserLib\\pabot_results\\1\\browser\\traces\\temp\\f4eeb181-ecc1-46e9-8405-f596f81ba647"}</msg>
<msg time="2025-05-21T12:40:03.636017" level="INFO">{
  "acceptDownloads": true,
  "bypassCSP": true,
  "forcedColors": "none",
  "ignoreHTTPSErrors": false,
  "javaScriptEnabled": true,
  "offline": false,
  "reducedMotion": "no-preference",
  "serviceWorkers": "allow",
  "viewport": {
    "width": 1280,
    "height": 720
  }
}</msg>
<msg time="2025-05-21T12:40:03.702180" level="INFO">Successfully created context. </msg>
<msg time="2025-05-21T12:40:03.702180" level="INFO">{'acceptDownloads': True, 'bypassCSP': True, 'forcedColors': 'none', 'ignoreHTTPSErrors': False, 'javaScriptEnabled': True, 'offline': False, 'reducedMotion': 'no-preference', 'serviceWorkers': 'allow', 'viewport': {'width': 1280, 'height': 720}}</msg>
<msg time="2025-05-21T12:40:09.973350" level="INFO">Successfully initialized new page object and opened url: https://the-internet.herokuapp.com/login</msg>
<arg>https://the-internet.herokuapp.com/login</arg>
<arg>${browser}</arg>
<tag>BrowserControl</tag>
<tag>Setter</tag>
<doc>Opens a new browser instance. Use this keyword for quick experiments or debugging sessions.</doc>
<status status="PASS" start="2025-05-21T12:40:02.150673" elapsed="7.822677"/>
</kw>
<status status="PASS" start="2025-05-21T12:40:02.149707" elapsed="7.823643"/>
</kw>
<kw name="When user &quot;tomsmith&quot; logs in with password &quot;SuperSecretPassword!&quot;" source_name="User &quot;${username}&quot; logs in with password &quot;${password}&quot;">
<kw name="Type Text" owner="Browser">
<msg time="2025-05-21T12:40:09.976011" level="INFO">Types the text 'tomsmith' in the given field.</msg>
<arg>\#username</arg>
<arg>${username}</arg>
<tag>PageContent</tag>
<tag>Setter</tag>
<doc>Types the given ``txt`` into the text field found by ``selector``.</doc>
<status status="PASS" start="2025-05-21T12:40:09.975008" elapsed="0.070853"/>
</kw>
<kw name="Type Text" owner="Browser">
<msg time="2025-05-21T12:40:10.047368" level="INFO">Types the text 'SuperSecretPassword!' in the given field.</msg>
<arg>\#password</arg>
<arg>${password}</arg>
<tag>PageContent</tag>
<tag>Setter</tag>
<doc>Types the given ``txt`` into the text field found by ``selector``.</doc>
<status status="PASS" start="2025-05-21T12:40:10.045861" elapsed="0.048717"/>
</kw>
<kw name="Click" owner="Browser">
<msg time="2025-05-21T12:40:10.096089" level="INFO">Clicks the element 'button.radius'.</msg>
<arg>button.radius</arg>
<tag>PageContent</tag>
<tag>Setter</tag>
<doc>Simulates mouse click on the element found by ``selector``.</doc>
<status status="PASS" start="2025-05-21T12:40:10.094578" elapsed="0.517846"/>
</kw>
<status status="PASS" start="2025-05-21T12:40:09.974505" elapsed="0.637919"/>
</kw>
<kw name="Then should display success message">
<kw name="Get Text" owner="Browser">
<msg time="2025-05-21T12:40:10.682842" level="INFO">Text: ' You logged into a secure area!\n×'</msg>
<msg time="2025-05-21T12:40:10.682842" level="INFO">${flashMessage} =  You logged into a secure area!
×</msg>
<var>${flashMessage}</var>
<arg>\#flash</arg>
<arg>*=</arg>
<arg>You logged into a secure area!</arg>
<tag>Assertion</tag>
<tag>Getter</tag>
<tag>PageContent</tag>
<doc>Returns text attribute of the element found by ``selector``.</doc>
<status status="PASS" start="2025-05-21T12:40:10.614742" elapsed="0.068100"/>
</kw>
<status status="PASS" start="2025-05-21T12:40:10.613739" elapsed="0.070545"/>
</kw>
<msg time="2025-05-21T12:40:10.688247" level="INFO">Set timeout to: 10000</msg>
<msg time="2025-05-21T12:40:10.709979" level="INFO">Switching context to context=5026d3f2-338d-42ee-ae26-caab3f797d3f in CURRENT</msg>
<msg time="2025-05-21T12:40:10.722210" level="INFO">Successfully changed active context: context=5026d3f2-338d-42ee-ae26-caab3f797d3f</msg>
<msg time="2025-05-21T12:40:10.764296" level="INFO">Successfully closed Context</msg>
<status status="PASS" start="2025-05-21T12:40:02.148715" elapsed="8.535569"/>
</test>
<status status="PASS" start="2025-05-21T12:40:01.962370" elapsed="8.804559"/>
</suite>
<status status="PASS" start="2025-05-21T12:40:01.941777" elapsed="8.838509"/>
</suite>
<statistics>
<total>
<stat pass="1" fail="0" skip="0">All Tests</stat>
</total>
<tag>
</tag>
<suite>
<stat name="parallelTests" id="s1" pass="1" fail="0" skip="0">parallelTests</stat>
<stat name="gherkn loginTC" id="s1-s1" pass="1" fail="0" skip="0">parallelTests.gherkn loginTC</stat>
</suite>
</statistics>
<errors>
<msg time="2025-05-21T12:40:02.150673" level="WARN">Open Browser is for quick experimentation and debugging only. Use New Page for production.</msg>
</errors>
</robot>
