<?xml version="1.0" encoding="UTF-8"?>
<robot generator="Robot 7.2 (Python 3.9.6 on win32)" generated="2025-05-08T12:41:41.261440" rpa="false" schemaversion="5">
<suite id="s1" name="FileMgmtTest &amp; FileOpsTest">
<suite id="s1-s1" name="FileMgmtTest" source="F:\Anandhi\workspace\robotframework\FirstSampleProjBrowserLib\OperSysSamples\FileMgmtTest.robot">
<test id="s1-s1-t1" name="Create some Directories" line="6">
<kw name="Create a base dir" owner="os">
<kw name="Create Directory" owner="OperatingSystem">
<msg time="2025-05-08T12:41:41.320010" level="INFO" html="true">Created directory '&lt;a href="file://F:\Anandhi\workspace\robotframework\FirstSampleProjBrowserLib\OperSysSamples\outputDirectory"&gt;F:\Anandhi\workspace\robotframework\FirstSampleProjBrowserLib\OperSysSamples\outputDirectory&lt;/a&gt;'.</msg>
<arg>${outputDir}</arg>
<doc>Creates the specified directory.</doc>
<status status="PASS" start="2025-05-08T12:41:41.319935" elapsed="0.000075"/>
</kw>
<kw name="Should Exist" owner="OperatingSystem">
<msg time="2025-05-08T12:41:41.321381" level="INFO" html="true">Path '&lt;a href="file://F:\Anandhi\workspace\robotframework\FirstSampleProjBrowserLib\OperSysSamples\outputDirectory"&gt;F:\Anandhi\workspace\robotframework\FirstSampleProjBrowserLib\OperSysSamples\outputDirectory&lt;/a&gt;' exists.</msg>
<arg>${outputDir}</arg>
<doc>Fails unless the given path (file or directory) exists.</doc>
<status status="PASS" start="2025-05-08T12:41:41.321009" elapsed="0.000372"/>
</kw>
<status status="PASS" start="2025-05-08T12:41:41.318898" elapsed="0.002483"/>
</kw>
<kw name="Create source directory" owner="os">
<kw name="Join Path" owner="OperatingSystem">
<msg time="2025-05-08T12:41:41.321694" level="INFO">${directoryPath} = outputDirectory\fromDirectory</msg>
<var>${directoryPath}</var>
<arg>${outputDir}</arg>
<arg>${DirtOne}</arg>
<doc>Joins the given path part(s) to the given base path.</doc>
<status status="PASS" start="2025-05-08T12:41:41.321694" elapsed="0.000000"/>
</kw>
<kw name="Create Directory" owner="OperatingSystem">
<msg time="2025-05-08T12:41:41.323299" level="INFO" html="true">Created directory '&lt;a href="file://F:\Anandhi\workspace\robotframework\FirstSampleProjBrowserLib\OperSysSamples\outputDirectory\fromDirectory"&gt;F:\Anandhi\workspace\robotframework\FirstSampleProjBrowserLib\OperSysSamples\outputDirectory\fromDirectory&lt;/a&gt;'.</msg>
<arg>${directoryPath}</arg>
<doc>Creates the specified directory.</doc>
<status status="PASS" start="2025-05-08T12:41:41.321694" elapsed="0.001605"/>
</kw>
<kw name="Should Exist" owner="OperatingSystem">
<msg time="2025-05-08T12:41:41.323299" level="INFO" html="true">Path '&lt;a href="file://F:\Anandhi\workspace\robotframework\FirstSampleProjBrowserLib\OperSysSamples\outputDirectory\fromDirectory"&gt;F:\Anandhi\workspace\robotframework\FirstSampleProjBrowserLib\OperSysSamples\outputDirectory\fromDirectory&lt;/a&gt;' exists.</msg>
<arg>${directoryPath}</arg>
<doc>Fails unless the given path (file or directory) exists.</doc>
<status status="PASS" start="2025-05-08T12:41:41.323299" elapsed="0.000000"/>
</kw>
<status status="PASS" start="2025-05-08T12:41:41.321694" elapsed="0.001605"/>
</kw>
<kw name="Create dest directory" owner="os">
<kw name="Join Path" owner="OperatingSystem">
<msg time="2025-05-08T12:41:41.324325" level="INFO">${directoryPath} = outputDirectory\toDirectory</msg>
<var>${directoryPath}</var>
<arg>${outputDir}</arg>
<arg>${DirtTwo}</arg>
<doc>Joins the given path part(s) to the given base path.</doc>
<status status="PASS" start="2025-05-08T12:41:41.324325" elapsed="0.000000"/>
</kw>
<kw name="Create Directory" owner="OperatingSystem">
<msg time="2025-05-08T12:41:41.629972" level="INFO" html="true">Created directory '&lt;a href="file://F:\Anandhi\workspace\robotframework\FirstSampleProjBrowserLib\OperSysSamples\outputDirectory\toDirectory"&gt;F:\Anandhi\workspace\robotframework\FirstSampleProjBrowserLib\OperSysSamples\outputDirectory\toDirectory&lt;/a&gt;'.</msg>
<arg>${directoryPath}</arg>
<doc>Creates the specified directory.</doc>
<status status="PASS" start="2025-05-08T12:41:41.324325" elapsed="0.305647"/>
</kw>
<kw name="Should Exist" owner="OperatingSystem">
<msg time="2025-05-08T12:41:41.630970" level="INFO" html="true">Path '&lt;a href="file://F:\Anandhi\workspace\robotframework\FirstSampleProjBrowserLib\OperSysSamples\outputDirectory\toDirectory"&gt;F:\Anandhi\workspace\robotframework\FirstSampleProjBrowserLib\OperSysSamples\outputDirectory\toDirectory&lt;/a&gt;' exists.</msg>
<arg>${directoryPath}</arg>
<doc>Fails unless the given path (file or directory) exists.</doc>
<status status="PASS" start="2025-05-08T12:41:41.629972" elapsed="0.000998"/>
</kw>
<status status="PASS" start="2025-05-08T12:41:41.324325" elapsed="0.306645"/>
</kw>
<tag>DirTest</tag>
<status status="PASS" start="2025-05-08T12:41:41.318016" elapsed="0.312954"/>
</test>
<test id="s1-s1-t2" name="Create some Files" line="12">
<kw name="Create File1" owner="os">
<kw name="Join Path" owner="OperatingSystem">
<msg time="2025-05-08T12:41:41.633614" level="INFO">${filePath} = outputDirectory\fromDirectory\index1.html</msg>
<var>${filePath}</var>
<arg>${outputDir}</arg>
<arg>${DirtOne}</arg>
<arg>${file1}</arg>
<doc>Joins the given path part(s) to the given base path.</doc>
<status status="PASS" start="2025-05-08T12:41:41.633614" elapsed="0.000000"/>
</kw>
<kw name="Create File" owner="OperatingSystem">
<msg time="2025-05-08T12:41:41.635342" level="INFO" html="true">Created file '&lt;a href="file://F:\Anandhi\workspace\robotframework\FirstSampleProjBrowserLib\OperSysSamples\outputDirectory\fromDirectory\index1.html"&gt;F:\Anandhi\workspace\robotframework\FirstSampleProjBrowserLib\OperSysSamples\outputDirectory\fromDirectory\index1.html&lt;/a&gt;'.</msg>
<arg>${filePath}</arg>
<arg>&lt;h1&gt;Content of file1&lt;/h1&gt;</arg>
<doc>Creates a file with the given content and encoding.</doc>
<status status="PASS" start="2025-05-08T12:41:41.634806" elapsed="0.000536"/>
</kw>
<kw name="Should Exist" owner="OperatingSystem">
<msg time="2025-05-08T12:41:41.635342" level="INFO" html="true">Path '&lt;a href="file://F:\Anandhi\workspace\robotframework\FirstSampleProjBrowserLib\OperSysSamples\outputDirectory\fromDirectory\index1.html"&gt;F:\Anandhi\workspace\robotframework\FirstSampleProjBrowserLib\OperSysSamples\outputDirectory\fromDirectory\index1.html&lt;/a&gt;' exists.</msg>
<arg>${filePath}</arg>
<doc>Fails unless the given path (file or directory) exists.</doc>
<status status="PASS" start="2025-05-08T12:41:41.635342" elapsed="0.000000"/>
</kw>
<status status="PASS" start="2025-05-08T12:41:41.633614" elapsed="0.002857"/>
</kw>
<kw name="Create File2" owner="os">
<kw name="Join Path" owner="OperatingSystem">
<msg time="2025-05-08T12:41:41.636471" level="INFO">${filePath} = outputDirectory\toDirectory\index2.html</msg>
<var>${filePath}</var>
<arg>${outputDir}</arg>
<arg>${DirtTwo}</arg>
<arg>${file2}</arg>
<doc>Joins the given path part(s) to the given base path.</doc>
<status status="PASS" start="2025-05-08T12:41:41.636471" elapsed="0.000000"/>
</kw>
<kw name="Create File" owner="OperatingSystem">
<msg time="2025-05-08T12:41:41.638430" level="INFO" html="true">Created file '&lt;a href="file://F:\Anandhi\workspace\robotframework\FirstSampleProjBrowserLib\OperSysSamples\outputDirectory\toDirectory\index2.html"&gt;F:\Anandhi\workspace\robotframework\FirstSampleProjBrowserLib\OperSysSamples\outputDirectory\toDirectory\index2.html&lt;/a&gt;'.</msg>
<arg>${filePath}</arg>
<arg>&lt;h1&gt;Content of file1&lt;/h1&gt;</arg>
<doc>Creates a file with the given content and encoding.</doc>
<status status="PASS" start="2025-05-08T12:41:41.637924" elapsed="0.000506"/>
</kw>
<kw name="Should Exist" owner="OperatingSystem">
<msg time="2025-05-08T12:41:41.638430" level="INFO" html="true">Path '&lt;a href="file://F:\Anandhi\workspace\robotframework\FirstSampleProjBrowserLib\OperSysSamples\outputDirectory\toDirectory\index2.html"&gt;F:\Anandhi\workspace\robotframework\FirstSampleProjBrowserLib\OperSysSamples\outputDirectory\toDirectory\index2.html&lt;/a&gt;' exists.</msg>
<arg>${filePath}</arg>
<doc>Fails unless the given path (file or directory) exists.</doc>
<status status="PASS" start="2025-05-08T12:41:41.638430" elapsed="0.001048"/>
</kw>
<status status="PASS" start="2025-05-08T12:41:41.636471" elapsed="0.003007"/>
</kw>
<kw name="Create File3" owner="os">
<kw name="Join Path" owner="OperatingSystem">
<msg time="2025-05-08T12:41:41.639478" level="INFO">${filePath} = outputDirectory\toDirectory\index3.html</msg>
<var>${filePath}</var>
<arg>${outputDir}</arg>
<arg>${DirtTwo}</arg>
<arg>${file3}</arg>
<doc>Joins the given path part(s) to the given base path.</doc>
<status status="PASS" start="2025-05-08T12:41:41.639478" elapsed="0.001260"/>
</kw>
<kw name="Create File" owner="OperatingSystem">
<msg time="2025-05-08T12:41:41.641679" level="INFO" html="true">Created file '&lt;a href="file://F:\Anandhi\workspace\robotframework\FirstSampleProjBrowserLib\OperSysSamples\outputDirectory\toDirectory\index3.html"&gt;F:\Anandhi\workspace\robotframework\FirstSampleProjBrowserLib\OperSysSamples\outputDirectory\toDirectory\index3.html&lt;/a&gt;'.</msg>
<arg>${filePath}</arg>
<arg>&lt;h1&gt;Content of file1&lt;/h1&gt;</arg>
<doc>Creates a file with the given content and encoding.</doc>
<status status="PASS" start="2025-05-08T12:41:41.640738" elapsed="0.000941"/>
</kw>
<kw name="Should Exist" owner="OperatingSystem">
<msg time="2025-05-08T12:41:41.642728" level="INFO" html="true">Path '&lt;a href="file://F:\Anandhi\workspace\robotframework\FirstSampleProjBrowserLib\OperSysSamples\outputDirectory\toDirectory\index3.html"&gt;F:\Anandhi\workspace\robotframework\FirstSampleProjBrowserLib\OperSysSamples\outputDirectory\toDirectory\index3.html&lt;/a&gt;' exists.</msg>
<arg>${filePath}</arg>
<doc>Fails unless the given path (file or directory) exists.</doc>
<status status="PASS" start="2025-05-08T12:41:41.641679" elapsed="0.001049"/>
</kw>
<status status="PASS" start="2025-05-08T12:41:41.639478" elapsed="0.003250"/>
</kw>
<tag>FileTest</tag>
<status status="PASS" start="2025-05-08T12:41:41.632137" elapsed="0.010591"/>
</test>
<test id="s1-s1-t3" name="FileManagement" line="18">
<kw name="Move File3 from DirtOne to DirtTwo" owner="os">
<kw name="Join Path" owner="OperatingSystem">
<msg time="2025-05-08T12:41:41.645725" level="INFO">${sourcePath} = outputDirectory\toDirectory\index3.html</msg>
<var>${sourcePath}</var>
<arg>${outputDir}</arg>
<arg>${DirtTwo}</arg>
<arg>${file3}</arg>
<doc>Joins the given path part(s) to the given base path.</doc>
<status status="PASS" start="2025-05-08T12:41:41.645725" elapsed="0.000000"/>
</kw>
<kw name="Join Path" owner="OperatingSystem">
<msg time="2025-05-08T12:41:41.646721" level="INFO">${targetPath} = outputDirectory\fromDirectory\index3.html</msg>
<var>${targetPath}</var>
<arg>${outputDir}</arg>
<arg>${DirtOne}</arg>
<arg>${file3}</arg>
<doc>Joins the given path part(s) to the given base path.</doc>
<status status="PASS" start="2025-05-08T12:41:41.645725" elapsed="0.000996"/>
</kw>
<kw name="Move File" owner="OperatingSystem">
<msg time="2025-05-08T12:41:41.648497" level="INFO" html="true">Moved file from '&lt;a href="file://F:\Anandhi\workspace\robotframework\FirstSampleProjBrowserLib\OperSysSamples\outputDirectory\toDirectory\index3.html"&gt;F:\Anandhi\workspace\robotframework\FirstSampleProjBrowserLib\OperSysSamples\outputDirectory\toDirectory\index3.html&lt;/a&gt;' to '&lt;a href="file://F:\Anandhi\workspace\robotframework\FirstSampleProjBrowserLib\OperSysSamples\outputDirectory\fromDirectory\index3.html"&gt;F:\Anandhi\workspace\robotframework\FirstSampleProjBrowserLib\OperSysSamples\outputDirectory\fromDirectory\index3.html&lt;/a&gt;'.</msg>
<arg>${sourcePath}</arg>
<arg>${targetPath}</arg>
<doc>Moves the source file into the destination.</doc>
<status status="PASS" start="2025-05-08T12:41:41.646721" elapsed="0.001776"/>
</kw>
<kw name="Should Exist" owner="OperatingSystem">
<msg time="2025-05-08T12:41:41.649674" level="INFO" html="true">Path '&lt;a href="file://F:\Anandhi\workspace\robotframework\FirstSampleProjBrowserLib\OperSysSamples\outputDirectory\fromDirectory\index3.html"&gt;F:\Anandhi\workspace\robotframework\FirstSampleProjBrowserLib\OperSysSamples\outputDirectory\fromDirectory\index3.html&lt;/a&gt;' exists.</msg>
<arg>${targetPath}</arg>
<doc>Fails unless the given path (file or directory) exists.</doc>
<status status="PASS" start="2025-05-08T12:41:41.648497" elapsed="0.001177"/>
</kw>
<kw name="Should Not Exist" owner="OperatingSystem">
<msg time="2025-05-08T12:41:41.649674" level="INFO" html="true">Path '&lt;a href="file://F:\Anandhi\workspace\robotframework\FirstSampleProjBrowserLib\OperSysSamples\outputDirectory\toDirectory\index3.html"&gt;F:\Anandhi\workspace\robotframework\FirstSampleProjBrowserLib\OperSysSamples\outputDirectory\toDirectory\index3.html&lt;/a&gt;' does not exist.</msg>
<arg>${sourcePath}</arg>
<doc>Fails if the given path (file or directory) exists.</doc>
<status status="PASS" start="2025-05-08T12:41:41.649674" elapsed="0.000000"/>
</kw>
<status status="PASS" start="2025-05-08T12:41:41.644728" elapsed="0.004946"/>
</kw>
<kw name="copy File1 from DirtOne to DirtTwo" owner="os">
<kw name="Join Path" owner="OperatingSystem">
<msg time="2025-05-08T12:41:41.650833" level="INFO">${sourcePath} = outputDirectory\fromDirectory\index1.html</msg>
<var>${sourcePath}</var>
<arg>${outputDir}</arg>
<arg>${DirtOne}</arg>
<arg>${file1}</arg>
<doc>Joins the given path part(s) to the given base path.</doc>
<status status="PASS" start="2025-05-08T12:41:41.650833" elapsed="0.000000"/>
</kw>
<kw name="Join Path" owner="OperatingSystem">
<msg time="2025-05-08T12:41:41.651956" level="INFO">${targetPath} = outputDirectory\toDirectory\index1.html</msg>
<var>${targetPath}</var>
<arg>${outputDir}</arg>
<arg>${DirtTwo}</arg>
<arg>${file1}</arg>
<doc>Joins the given path part(s) to the given base path.</doc>
<status status="PASS" start="2025-05-08T12:41:41.651956" elapsed="0.000000"/>
</kw>
<kw name="Copy File" owner="OperatingSystem">
<msg time="2025-05-08T12:41:41.656254" level="INFO" html="true">Copied file from '&lt;a href="file://F:\Anandhi\workspace\robotframework\FirstSampleProjBrowserLib\OperSysSamples\outputDirectory\fromDirectory\index1.html"&gt;F:\Anandhi\workspace\robotframework\FirstSampleProjBrowserLib\OperSysSamples\outputDirectory\fromDirectory\index1.html&lt;/a&gt;' to '&lt;a href="file://F:\Anandhi\workspace\robotframework\FirstSampleProjBrowserLib\OperSysSamples\outputDirectory\toDirectory\index1.html"&gt;F:\Anandhi\workspace\robotframework\FirstSampleProjBrowserLib\OperSysSamples\outputDirectory\toDirectory\index1.html&lt;/a&gt;'.</msg>
<arg>${sourcePath}</arg>
<arg>${targetPath}</arg>
<doc>Copies the source file into the destination.</doc>
<status status="PASS" start="2025-05-08T12:41:41.651956" elapsed="0.004298"/>
</kw>
<kw name="Should Exist" owner="OperatingSystem">
<msg time="2025-05-08T12:41:41.657253" level="INFO" html="true">Path '&lt;a href="file://F:\Anandhi\workspace\robotframework\FirstSampleProjBrowserLib\OperSysSamples\outputDirectory\fromDirectory\index1.html"&gt;F:\Anandhi\workspace\robotframework\FirstSampleProjBrowserLib\OperSysSamples\outputDirectory\fromDirectory\index1.html&lt;/a&gt;' exists.</msg>
<arg>${sourcePath}</arg>
<doc>Fails unless the given path (file or directory) exists.</doc>
<status status="PASS" start="2025-05-08T12:41:41.656254" elapsed="0.000999"/>
</kw>
<kw name="Should Exist" owner="OperatingSystem">
<msg time="2025-05-08T12:41:41.658282" level="INFO" html="true">Path '&lt;a href="file://F:\Anandhi\workspace\robotframework\FirstSampleProjBrowserLib\OperSysSamples\outputDirectory\toDirectory\index1.html"&gt;F:\Anandhi\workspace\robotframework\FirstSampleProjBrowserLib\OperSysSamples\outputDirectory\toDirectory\index1.html&lt;/a&gt;' exists.</msg>
<arg>${targetPath}</arg>
<doc>Fails unless the given path (file or directory) exists.</doc>
<status status="PASS" start="2025-05-08T12:41:41.657253" elapsed="0.001029"/>
</kw>
<status status="PASS" start="2025-05-08T12:41:41.650833" elapsed="0.007449"/>
</kw>
<tag>FileMgmt</tag>
<status status="PASS" start="2025-05-08T12:41:41.643731" elapsed="0.014551"/>
</test>
<status status="PASS" start="2025-05-08T12:41:41.296871" elapsed="0.362752"/>
</suite>
<suite id="s1-s2" name="FileOpsTest" source="F:\Anandhi\workspace\robotframework\FirstSampleProjBrowserLib\OperSysSamples\FileOpsTest.robot">
<test id="s1-s2-t1" name="Reading from Text File" line="12">
<kw name="Get File" owner="OperatingSystem">
<msg time="2025-05-08T12:41:41.799080" level="INFO" html="true">Getting file '&lt;a href="file://F:\Anandhi\workspace\robotframework\FirstSampleProjBrowserLib\OperSysSamples\output.txt"&gt;F:\Anandhi\workspace\robotframework\FirstSampleProjBrowserLib\OperSysSamples\output.txt&lt;/a&gt;'.</msg>
<msg time="2025-05-08T12:41:41.808313" level="INFO">${str} = This job is successfully completed. </msg>
<var>${str}</var>
<arg>F:\\Anandhi\\workspace\\robotframework\\FirstSampleProjBrowserLib\\OperSysSamples/output.txt</arg>
<doc>Returns the contents of a specified file.</doc>
<status status="PASS" start="2025-05-08T12:41:41.799080" elapsed="0.009233"/>
</kw>
<kw name="Should Contain" owner="BuiltIn">
<arg>${str}</arg>
<arg>successfully completed</arg>
<doc>Fails if ``container`` does not contain ``item`` one or more times.</doc>
<status status="PASS" start="2025-05-08T12:41:41.809312" elapsed="0.000000"/>
</kw>
<status status="PASS" start="2025-05-08T12:41:41.797554" elapsed="0.011758"/>
</test>
<test id="s1-s2-t2" name="Reading data from csv File" line="17">
<kw name="Get File" owner="OperatingSystem">
<msg time="2025-05-08T12:41:41.811940" level="INFO" html="true">Getting file '&lt;a href="file://F:\Anandhi\workspace\robotframework\FirstSampleProjBrowserLib\OperSysSamples\inputData.csv"&gt;F:\Anandhi\workspace\robotframework\FirstSampleProjBrowserLib\OperSysSamples\inputData.csv&lt;/a&gt;'.</msg>
<msg time="2025-05-08T12:41:41.812941" level="INFO">${FILE_CONTENT} = # ID, Text, Value
10, First Item, 300
20, Second Item, 200
30, Third Item, 100</msg>
<var>${FILE_CONTENT}</var>
<arg>F:\\Anandhi\\workspace\\robotframework\\FirstSampleProjBrowserLib\\OperSysSamples/inputData.csv</arg>
<doc>Returns the contents of a specified file.</doc>
<status status="PASS" start="2025-05-08T12:41:41.811940" elapsed="0.001001"/>
</kw>
<kw name="Log" owner="BuiltIn">
<msg time="2025-05-08T12:41:41.813938" level="INFO">File Content: # ID, Text, Value
10, First Item, 300
20, Second Item, 200
30, Third Item, 100</msg>
<arg>File Content: ${FILE_CONTENT}</arg>
<doc>Logs the given message with the given level.</doc>
<status status="PASS" start="2025-05-08T12:41:41.812941" elapsed="0.000997"/>
</kw>
<kw name="Split to Lines and Remove Header">
<kw name="Split To Lines" owner="String">
<msg time="2025-05-08T12:41:41.813938" level="INFO">4 lines returned</msg>
<msg time="2025-05-08T12:41:41.815211" level="INFO">@{LINES} = [ # ID, Text, Value | 10, First Item, 300 | 20, Second Item, 200 | 30, Third Item, 100 ]</msg>
<var>@{LINES}</var>
<arg>${FILE_CONTENT}</arg>
<doc>Splits the given string to lines.</doc>
<status status="PASS" start="2025-05-08T12:41:41.813938" elapsed="0.001273"/>
</kw>
<kw name="Remove From List" owner="Collections">
<arg>${LINES}</arg>
<arg>0</arg>
<doc>Removes and returns the value specified with an ``index`` from ``list``.</doc>
<status status="PASS" start="2025-05-08T12:41:41.815211" elapsed="0.000000"/>
</kw>
<return>
<value>@{LINES}</value>
<status status="PASS" start="2025-05-08T12:41:41.815211" elapsed="0.000000"/>
</return>
<msg time="2025-05-08T12:41:41.816212" level="INFO">@{LINES} = [ 10, First Item, 300 | 20, Second Item, 200 | 30, Third Item, 100 ]</msg>
<var>@{LINES}</var>
<arg>${FILE_CONTENT}</arg>
<status status="PASS" start="2025-05-08T12:41:41.813938" elapsed="0.002274"/>
</kw>
<kw name="Log" owner="BuiltIn">
<msg time="2025-05-08T12:41:41.816212" level="INFO">['10, First Item, 300', '20, Second Item, 200', '30, Third Item, 100']</msg>
<arg>${LINES}</arg>
<doc>Logs the given message with the given level.</doc>
<status status="PASS" start="2025-05-08T12:41:41.816212" elapsed="0.000000"/>
</kw>
<kw name="Calculate Sum From List">
<kw name="Set Variable" owner="BuiltIn">
<msg time="2025-05-08T12:41:41.818373" level="INFO">${RESULT} = 0</msg>
<var>${RESULT}</var>
<arg>0</arg>
<doc>Returns the given values which can then be assigned to a variables.</doc>
<status status="PASS" start="2025-05-08T12:41:41.818373" elapsed="0.000000"/>
</kw>
<for flavor="IN">
<iter>
<kw name="Log" owner="BuiltIn">
<msg time="2025-05-08T12:41:41.820435" level="INFO">10, First Item, 300</msg>
<arg>${LINE}</arg>
<doc>Logs the given message with the given level.</doc>
<status status="PASS" start="2025-05-08T12:41:41.819407" elapsed="0.001028"/>
</kw>
<kw name="Split String" owner="String">
<msg time="2025-05-08T12:41:41.820435" level="INFO">@{COLUMNS} = [ 10 |  First Item |  300 ]</msg>
<var>@{COLUMNS}</var>
<arg>${LINE}</arg>
<arg>separator=,</arg>
<doc>Splits the ``string`` using ``separator`` as a delimiter string.</doc>
<status status="PASS" start="2025-05-08T12:41:41.820435" elapsed="0.000000"/>
</kw>
<kw name="Get From List" owner="Collections">
<msg time="2025-05-08T12:41:41.821440" level="INFO">${VALUE} =  300</msg>
<var>${VALUE}</var>
<arg>${COLUMNS}</arg>
<arg>2</arg>
<doc>Returns the value specified with an ``index`` from ``list``.</doc>
<status status="PASS" start="2025-05-08T12:41:41.821440" elapsed="0.000000"/>
</kw>
<kw name="Log" owner="BuiltIn">
<msg time="2025-05-08T12:41:41.821440" level="INFO"> 300</msg>
<arg>${VALUE}</arg>
<doc>Logs the given message with the given level.</doc>
<status status="PASS" start="2025-05-08T12:41:41.821440" elapsed="0.000996"/>
</kw>
<kw name="Evaluate" owner="BuiltIn">
<msg time="2025-05-08T12:41:41.822436" level="INFO">${RESULT} = 300</msg>
<var>${RESULT}</var>
<arg>${RESULT}+${VALUE}</arg>
<doc>Evaluates the given expression in Python and returns the result.</doc>
<status status="PASS" start="2025-05-08T12:41:41.822436" elapsed="0.000000"/>
</kw>
<var name="${LINE}">10, First Item, 300</var>
<status status="PASS" start="2025-05-08T12:41:41.819407" elapsed="0.003029"/>
</iter>
<iter>
<kw name="Log" owner="BuiltIn">
<msg time="2025-05-08T12:41:41.822436" level="INFO">20, Second Item, 200</msg>
<arg>${LINE}</arg>
<doc>Logs the given message with the given level.</doc>
<status status="PASS" start="2025-05-08T12:41:41.822436" elapsed="0.000000"/>
</kw>
<kw name="Split String" owner="String">
<msg time="2025-05-08T12:41:41.823467" level="INFO">@{COLUMNS} = [ 20 |  Second Item |  200 ]</msg>
<var>@{COLUMNS}</var>
<arg>${LINE}</arg>
<arg>separator=,</arg>
<doc>Splits the ``string`` using ``separator`` as a delimiter string.</doc>
<status status="PASS" start="2025-05-08T12:41:41.823467" elapsed="0.000000"/>
</kw>
<kw name="Get From List" owner="Collections">
<msg time="2025-05-08T12:41:41.823467" level="INFO">${VALUE} =  200</msg>
<var>${VALUE}</var>
<arg>${COLUMNS}</arg>
<arg>2</arg>
<doc>Returns the value specified with an ``index`` from ``list``.</doc>
<status status="PASS" start="2025-05-08T12:41:41.823467" elapsed="0.000000"/>
</kw>
<kw name="Log" owner="BuiltIn">
<msg time="2025-05-08T12:41:41.823467" level="INFO"> 200</msg>
<arg>${VALUE}</arg>
<doc>Logs the given message with the given level.</doc>
<status status="PASS" start="2025-05-08T12:41:41.823467" elapsed="0.000000"/>
</kw>
<kw name="Evaluate" owner="BuiltIn">
<msg time="2025-05-08T12:41:41.824462" level="INFO">${RESULT} = 500</msg>
<var>${RESULT}</var>
<arg>${RESULT}+${VALUE}</arg>
<doc>Evaluates the given expression in Python and returns the result.</doc>
<status status="PASS" start="2025-05-08T12:41:41.824462" elapsed="0.000000"/>
</kw>
<var name="${LINE}">20, Second Item, 200</var>
<status status="PASS" start="2025-05-08T12:41:41.822436" elapsed="0.002026"/>
</iter>
<iter>
<kw name="Log" owner="BuiltIn">
<msg time="2025-05-08T12:41:41.824462" level="INFO">30, Third Item, 100</msg>
<arg>${LINE}</arg>
<doc>Logs the given message with the given level.</doc>
<status status="PASS" start="2025-05-08T12:41:41.824462" elapsed="0.000000"/>
</kw>
<kw name="Split String" owner="String">
<msg time="2025-05-08T12:41:41.825460" level="INFO">@{COLUMNS} = [ 30 |  Third Item |  100 ]</msg>
<var>@{COLUMNS}</var>
<arg>${LINE}</arg>
<arg>separator=,</arg>
<doc>Splits the ``string`` using ``separator`` as a delimiter string.</doc>
<status status="PASS" start="2025-05-08T12:41:41.825460" elapsed="0.000000"/>
</kw>
<kw name="Get From List" owner="Collections">
<msg time="2025-05-08T12:41:41.826426" level="INFO">${VALUE} =  100</msg>
<var>${VALUE}</var>
<arg>${COLUMNS}</arg>
<arg>2</arg>
<doc>Returns the value specified with an ``index`` from ``list``.</doc>
<status status="PASS" start="2025-05-08T12:41:41.825460" elapsed="0.000966"/>
</kw>
<kw name="Log" owner="BuiltIn">
<msg time="2025-05-08T12:41:41.826426" level="INFO"> 100</msg>
<arg>${VALUE}</arg>
<doc>Logs the given message with the given level.</doc>
<status status="PASS" start="2025-05-08T12:41:41.826426" elapsed="0.000000"/>
</kw>
<kw name="Evaluate" owner="BuiltIn">
<msg time="2025-05-08T12:41:41.827424" level="INFO">${RESULT} = 600</msg>
<var>${RESULT}</var>
<arg>${RESULT}+${VALUE}</arg>
<doc>Evaluates the given expression in Python and returns the result.</doc>
<status status="PASS" start="2025-05-08T12:41:41.826426" elapsed="0.000998"/>
</kw>
<var name="${LINE}">30, Third Item, 100</var>
<status status="PASS" start="2025-05-08T12:41:41.824462" elapsed="0.002962"/>
</iter>
<var>${LINE}</var>
<value>@{LIST}</value>
<status status="PASS" start="2025-05-08T12:41:41.819407" elapsed="0.008017"/>
</for>
<return>
<value>${RESULT}</value>
<status status="PASS" start="2025-05-08T12:41:41.827424" elapsed="0.000000"/>
</return>
<msg time="2025-05-08T12:41:41.827424" level="INFO">${RESULT} = 600</msg>
<var>${RESULT}</var>
<arg>${LINES}</arg>
<status status="PASS" start="2025-05-08T12:41:41.818373" elapsed="0.009051"/>
</kw>
<kw name="Log" owner="BuiltIn">
<msg time="2025-05-08T12:41:41.828934" level="INFO">600</msg>
<arg>${RESULT}</arg>
<doc>Logs the given message with the given level.</doc>
<status status="PASS" start="2025-05-08T12:41:41.828421" elapsed="0.000513"/>
</kw>
<status status="PASS" start="2025-05-08T12:41:41.810819" elapsed="0.018115"/>
</test>
<test id="s1-s2-t3" name="Create Employee Json File" line="47">
<kw name="Set Variable" owner="BuiltIn">
<msg time="2025-05-08T12:41:41.831623" level="INFO">${jsonFile} = F:\Anandhi\workspace\robotframework\FirstSampleProjBrowserLib\OperSysSamples/employee.json</msg>
<var>${jsonFile}</var>
<arg>F:\\Anandhi\\workspace\\robotframework\\FirstSampleProjBrowserLib\\OperSysSamples/employee.json</arg>
<doc>Returns the given values which can then be assigned to a variables.</doc>
<status status="PASS" start="2025-05-08T12:41:41.831623" elapsed="0.000000"/>
</kw>
<kw name="Create Dictionary" owner="BuiltIn">
<msg time="2025-05-08T12:41:41.832924" level="INFO">${jsonData} = {}</msg>
<var>${jsonData}</var>
<doc>Creates and returns a dictionary based on the given ``items``.</doc>
<status status="PASS" start="2025-05-08T12:41:41.832924" elapsed="0.000000"/>
</kw>
<kw name="Set To Dictionary" owner="Collections">
<arg>${jsonData}</arg>
<arg>id=101</arg>
<doc>Adds the given ``key_value_pairs`` and/or ``items`` to the ``dictionary``.</doc>
<status status="PASS" start="2025-05-08T12:41:41.832924" elapsed="0.001250"/>
</kw>
<kw name="Set To Dictionary" owner="Collections">
<arg>${jsonData}</arg>
<arg>name=Alice Britto</arg>
<doc>Adds the given ``key_value_pairs`` and/or ``items`` to the ``dictionary``.</doc>
<status status="PASS" start="2025-05-08T12:41:41.834174" elapsed="0.000000"/>
</kw>
<kw name="Set To Dictionary" owner="Collections">
<arg>${jsonData}</arg>
<arg>department=Engineering</arg>
<doc>Adds the given ``key_value_pairs`` and/or ``items`` to the ``dictionary``.</doc>
<status status="PASS" start="2025-05-08T12:41:41.834174" elapsed="0.000000"/>
</kw>
<kw name="Set To Dictionary" owner="Collections">
<arg>${jsonData}</arg>
<arg>role=Software Developer</arg>
<doc>Adds the given ``key_value_pairs`` and/or ``items`` to the ``dictionary``.</doc>
<status status="PASS" start="2025-05-08T12:41:41.835393" elapsed="0.000000"/>
</kw>
<kw name="Set To Dictionary" owner="Collections">
<arg>${jsonData}</arg>
<arg>salary=75000</arg>
<doc>Adds the given ``key_value_pairs`` and/or ``items`` to the ``dictionary``.</doc>
<status status="PASS" start="2025-05-08T12:41:41.835393" elapsed="0.000000"/>
</kw>
<kw name="Dump Json To File" owner="JSONLibrary">
<arg>${jsonFile}</arg>
<arg>${jsonData}</arg>
<doc>Dump JSON to file</doc>
<status status="PASS" start="2025-05-08T12:41:41.836513" elapsed="0.000000"/>
</kw>
<kw name="Log" owner="BuiltIn">
<msg time="2025-05-08T12:41:41.837796" level="INFO">Employee JSON file created at: F:\Anandhi\workspace\robotframework\FirstSampleProjBrowserLib\OperSysSamples/employee.json</msg>
<arg>Employee JSON file created at: ${jsonFile}</arg>
<doc>Logs the given message with the given level.</doc>
<status status="PASS" start="2025-05-08T12:41:41.837796" elapsed="0.000000"/>
</kw>
<kw name="Update Value To Json" owner="JSONLibrary">
<msg time="2025-05-08T12:41:41.876416" level="INFO">${updatedJsonData} = {'id': '101', 'name': 'Alice Britto', 'department': 'Engineering', 'role': 'Software Developer', 'salary': '90000'}</msg>
<var>${updatedJsonData}</var>
<arg>${jsonData}</arg>
<arg>salary</arg>
<arg>90000</arg>
<doc>Update value to JSON using JSONPath</doc>
<status status="PASS" start="2025-05-08T12:41:41.838308" elapsed="0.038108"/>
</kw>
<kw name="Dump Json To File" owner="JSONLibrary">
<arg>${jsonFile}</arg>
<arg>${updatedJsonData}</arg>
<doc>Dump JSON to file</doc>
<status status="PASS" start="2025-05-08T12:41:41.877418" elapsed="0.001508"/>
</kw>
<kw name="Should Have Value In Json" owner="JSONLibrary">
<arg>${updatedJsonData}</arg>
<arg>department</arg>
<doc>Should Have Value In JSON using JSONPath</doc>
<status status="PASS" start="2025-05-08T12:41:41.878926" elapsed="0.027479"/>
</kw>
<status status="PASS" start="2025-05-08T12:41:41.830395" elapsed="0.076010"/>
</test>
<status status="PASS" start="2025-05-08T12:41:41.661199" elapsed="0.246461"/>
</suite>
<status status="PASS" start="2025-05-08T12:41:41.263827" elapsed="0.646045"/>
</suite>
<statistics>
<total>
<stat pass="6" fail="0" skip="0">All Tests</stat>
</total>
<tag>
<stat pass="1" fail="0" skip="0">DirTest</stat>
<stat pass="1" fail="0" skip="0">FileMgmt</stat>
<stat pass="1" fail="0" skip="0">FileTest</stat>
</tag>
<suite>
<stat name="FileMgmtTest &amp; FileOpsTest" id="s1" pass="6" fail="0" skip="0">FileMgmtTest &amp; FileOpsTest</stat>
<stat name="FileMgmtTest" id="s1-s1" pass="3" fail="0" skip="0">FileMgmtTest &amp; FileOpsTest.FileMgmtTest</stat>
<stat name="FileOpsTest" id="s1-s2" pass="3" fail="0" skip="0">FileMgmtTest &amp; FileOpsTest.FileOpsTest</stat>
</suite>
</statistics>
<errors>
</errors>
</robot>
